<?xml version="1.0" encoding="UTF-8"?>
<!-- Generated by org.testng.reporters.JUnitReportReporter -->
<testsuite skipped="0" hostname="D102532" name="news.co.uk.Main.TC3" tests="1" failures="0" timestamp="18 Oct 2016 09:08:43 GMT" time="123.530" errors="0">
  <testcase name="ps_update" time="123.530" classname="news.co.uk.Main.TC3"/>
</testsuite> <!-- news.co.uk.Main.TC3 -->
