<?xml version="1.0" encoding="UTF-8"?>
<!-- Generated by org.testng.reporters.JUnitReportReporter -->
<testsuite skipped="0" hostname="D102532" name="news.co.uk.Main.TC1" tests="1" failures="0" timestamp="24 Oct 2016 09:04:54 GMT" time="379.213" errors="0">
  <testcase name="tc1" time="379.213" classname="news.co.uk.Main.TC1"/>
</testsuite> <!-- news.co.uk.Main.TC1 -->
