<?xml version="1.0" encoding="UTF-8"?>
<!-- Generated by org.testng.reporters.JUnitReportReporter -->
<testsuite skipped="0" hostname="D102532" name="news.co.uk.Main.TC5" tests="1" failures="0" timestamp="25 Oct 2016 13:08:29 GMT" time="167.979" errors="0">
  <testcase name="update_article_timestamp" time="167.979" classname="news.co.uk.Main.TC5"/>
</testsuite> <!-- news.co.uk.Main.TC5 -->
