<?xml version="1.0" encoding="UTF-8"?>
<!-- Generated by org.testng.reporters.JUnitReportReporter -->
<testsuite skipped="0" hostname="D102532" name="news.co.uk.Main.Testing" tests="1" failures="0" timestamp="26 Oct 2016 14:10:11 GMT" time="34.487" errors="0">
  <testcase name="test1" time="34.487" classname="news.co.uk.Main.Testing"/>
</testsuite> <!-- news.co.uk.Main.Testing -->
