<?xml version="1.0" encoding="UTF-8"?>
<!-- Generated by org.testng.reporters.JUnitReportReporter -->
<testsuite skipped="0" hostname="D102532" name="news.co.uk.Main.Testing" tests="1" failures="0" timestamp="20 Oct 2016 13:15:11 GMT" time="29.458" errors="0">
  <testcase name="test1" time="29.458" classname="news.co.uk.Main.Testing"/>
</testsuite> <!-- news.co.uk.Main.Testing -->
