<?xml version="1.0" encoding="UTF-8"?>
<!-- Generated by org.testng.reporters.JUnitReportReporter -->
<testsuite skipped="0" hostname="D102532" name="news.co.uk.Main.TC3" tests="1" failures="0" timestamp="24 Oct 2016 09:04:54 GMT" time="181.971" errors="0">
  <testcase name="ps_update" time="181.971" classname="news.co.uk.Main.TC3"/>
</testsuite> <!-- news.co.uk.Main.TC3 -->
