<?xml version="1.0" encoding="UTF-8"?>
<!-- Generated by org.testng.reporters.JUnitReportReporter -->
<testsuite skipped="0" hostname="D102532" name="news.co.uk.Main.TC9" tests="1" failures="0" timestamp="27 Oct 2016 11:25:31 GMT" time="230.249" errors="0">
  <testcase name="lead1_1" time="230.249" classname="news.co.uk.Main.TC9"/>
</testsuite> <!-- news.co.uk.Main.TC9 -->
