<?xml version="1.0" encoding="UTF-8"?>
<!-- Generated by org.testng.reporters.JUnitReportReporter -->
<testsuite skipped="0" hostname="D102532" name="news.co.uk.Main.TC3" tests="1" failures="0" timestamp="21 Oct 2016 14:55:44 GMT" time="70.142" errors="0">
  <testcase name="ps_update" time="70.142" classname="news.co.uk.Main.TC3"/>
</testsuite> <!-- news.co.uk.Main.TC3 -->
