<?xml version="1.0" encoding="UTF-8"?>
<!-- Generated by org.testng.reporters.JUnitReportReporter -->
<testsuite skipped="0" hostname="D102532" name="news.co.uk.Main.TC7" tests="1" failures="0" timestamp="25 Oct 2016 13:08:29 GMT" time="143.705" errors="0">
  <testcase name="article_preview" time="143.705" classname="news.co.uk.Main.TC7"/>
</testsuite> <!-- news.co.uk.Main.TC7 -->
