<?xml version="1.0" encoding="UTF-8"?>
<!-- Generated by org.testng.reporters.JUnitReportReporter -->
<testsuite skipped="0" hostname="D102532" name="news.co.uk.Main.TC10" tests="3" failures="0" timestamp="28 Oct 2016 11:10:22 GMT" time="724.808" errors="0">
  <testcase name="secondary_2" time="239.075" classname="news.co.uk.Main.TC10"/>
  <testcase name="secondary_3" time="245.464" classname="news.co.uk.Main.TC10"/>
  <testcase name="secondary_4" time="240.269" classname="news.co.uk.Main.TC10"/>
</testsuite> <!-- news.co.uk.Main.TC10 -->
