<?xml version="1.0" encoding="UTF-8"?>
<!-- Generated by org.testng.reporters.JUnitReportReporter -->
<testsuite skipped="0" hostname="D102532" name="news.co.uk.Configuration.Custom" tests="1" failures="0" timestamp="20 Oct 2016 10:46:46 GMT" time="0.020" errors="0">
  <testcase name="currentimestamp" time="0.020" classname="news.co.uk.Configuration.Custom"/>
</testsuite> <!-- news.co.uk.Configuration.Custom -->
