<?xml version="1.0" encoding="UTF-8"?>
<!-- Generated by org.testng.reporters.JUnitReportReporter -->
<testsuite skipped="0" hostname="D102532" name="news.co.uk.Main.Automation" tests="1" failures="0" timestamp="20 Oct 2016 13:49:41 GMT" time="15.798" errors="0">
  <testcase name="currentimestamp" time="15.798" classname="news.co.uk.Main.Automation"/>
</testsuite> <!-- news.co.uk.Main.Automation -->
