<?xml version="1.0" encoding="UTF-8"?>
<!-- Generated by org.testng.reporters.JUnitReportReporter -->
<testsuite skipped="0" hostname="D102532" name="news.co.uk.Main.TC5" tests="1" failures="0" timestamp="21 Oct 2016 11:29:40 GMT" time="163.200" errors="0">
  <testcase name="update_article_timestamp" time="163.200" classname="news.co.uk.Main.TC5"/>
</testsuite> <!-- news.co.uk.Main.TC5 -->
