<?xml version="1.0" encoding="UTF-8"?>
<!-- Generated by org.testng.reporters.JUnitReportReporter -->
<testsuite skipped="0" hostname="D102532" name="news.co.uk.Main.TC6" tests="1" failures="0" timestamp="21 Oct 2016 12:18:19 GMT" time="147.659" errors="0">
  <testcase name="currenttimestamp" time="147.659" classname="news.co.uk.Main.TC6"/>
</testsuite> <!-- news.co.uk.Main.TC6 -->
