<?xml version="1.0" encoding="UTF-8"?>
<!-- Generated by org.testng.reporters.JUnitReportReporter -->
<testsuite skipped="0" hostname="D102532" name="news.co.uk.Main.TC4" tests="1" failures="0" timestamp="18 Oct 2016 09:08:43 GMT" time="65.777" errors="0">
  <testcase name="articletimestamp" time="65.777" classname="news.co.uk.Main.TC4"/>
</testsuite> <!-- news.co.uk.Main.TC4 -->
