<?xml version="1.0" encoding="UTF-8"?>
<!-- Generated by org.testng.reporters.JUnitReportReporter -->
<testsuite skipped="0" hostname="D102532" name="news.co.uk.Main.TC2" tests="1" failures="0" timestamp="18 Oct 2016 09:08:43 GMT" time="82.427" errors="0">
  <testcase name="tc2" time="82.427" classname="news.co.uk.Main.TC2"/>
</testsuite> <!-- news.co.uk.Main.TC2 -->
